TN:
SF:src\Services\ShortenService.ts
FN:8,(anonymous_8)
FN:8,(anonymous_9)
FN:24,(anonymous_10)
FN:33,(anonymous_12)
FN:33,(anonymous_13)
FNF:5
FNH:2
FNDA:2,(anonymous_8)
FNDA:2,(anonymous_9)
FNDA:0,(anonymous_10)
FNDA:0,(anonymous_12)
FNDA:0,(anonymous_13)
DA:2,1
DA:3,1
DA:4,1
DA:5,1
DA:8,2
DA:9,2
DA:10,2
DA:12,2
DA:19,2
DA:21,2
DA:25,0
DA:26,0
DA:27,0
DA:30,0
DA:33,0
DA:34,0
DA:35,0
DA:39,1
LF:18
LH:11
BRDA:10,0,0,1
BRDA:10,0,1,1
BRDA:26,1,0,0
BRDA:26,1,1,0
BRF:4
BRH:2
end_of_record
TN:
SF:src\Services\SumService.ts
FN:1,Sum
FN:5,Divisao
FNF:2
FNH:2
FNDA:1,Sum
FNDA:2,Divisao
DA:1,1
DA:2,1
DA:5,1
DA:6,2
DA:7,1
DA:9,1
LF:6
LH:6
BRDA:6,0,0,1
BRDA:6,0,1,1
BRF:2
BRH:2
end_of_record
