TN:
SF:src\Services\ShortenService.ts
FN:8,(anonymous_8)
FN:8,(anonymous_9)
FN:31,(anonymous_10)
FN:39,(anonymous_12)
FN:39,(anonymous_13)
FNF:5
FNH:5
FNDA:3,(anonymous_8)
FNDA:3,(anonymous_9)
FNDA:2,(anonymous_10)
FNDA:2,(anonymous_12)
FNDA:2,(anonymous_13)
DA:2,1
DA:3,1
DA:4,1
DA:5,1
DA:8,3
DA:9,3
DA:10,3
DA:12,3
DA:13,2
DA:14,2
DA:15,1
DA:19,2
DA:26,2
DA:28,2
DA:32,2
DA:33,2
DA:34,1
DA:36,1
DA:39,2
DA:40,2
DA:41,1
DA:44,1
DA:45,1
DA:49,1
LF:24
LH:24
BRDA:10,0,0,1
BRDA:10,0,1,2
BRDA:12,1,0,2
BRDA:12,1,1,1
BRDA:14,2,0,1
BRDA:14,2,1,1
BRDA:33,3,0,1
BRDA:33,3,1,1
BRDA:40,4,0,1
BRDA:40,4,1,1
BRDA:40,5,0,2
BRDA:40,5,1,2
BRF:12
BRH:12
end_of_record
TN:
SF:src\Services\SumService.ts
FN:1,Sum
FN:5,Divisao
FNF:2
FNH:2
FNDA:1,Sum
FNDA:2,Divisao
DA:1,1
DA:2,1
DA:5,1
DA:6,2
DA:7,1
DA:9,1
LF:6
LH:6
BRDA:6,0,0,1
BRDA:6,0,1,1
BRF:2
BRH:2
end_of_record
